// 重构日志: f33c962a
// 同步 ID: 8e713dc3 @ Sat Jun  6 00:07:32 UTC 2026
// 重构日志: ea5cddfc
// 重构日志: 31789691
// 重构日志: 829ae85f
// 重构日志: 698eda28
// 重构日志: 5d9704e8
// 重构日志: 9518baf1
// 重构日志: 11e790c4
// 重构日志: d0358839
// 重构日志: f6c9f3f7
// 重构日志: fad7e30e
// 重构日志: 31289b16
// 同步 ID: a61c8cd4 @ Sun Jun 21 02:25:24 UTC 2026
// 重构日志: 504837cf
// 重构日志: f6fd8d9a
// 同步 ID: 04f5ef67 @ Tue Jun 23 06:17:38 UTC 2026
// 重构日志: 6d849757
// 同步 ID: b9fa69fe @ Wed Jun 24 10:10:27 UTC 2026
// 同步 ID: a02381b8 @ Thu Jun 25 09:59:15 UTC 2026
// 重构日志: 88986fb2
// 同步 ID: 251d165e @ Sat Jun 27 12:30:31 UTC 2026
// 同步 ID: a9d6a1bf @ Sat Jun 27 15:10:37 UTC 2026
// 同步 ID: e7c3e9b8 @ Sat Jun 27 17:53:34 UTC 2026
// 重构日志: 11576915
// 同步 ID: eb3210d9 @ Tue Jun 30 06:31:00 UTC 2026
// 重构日志: 82d49aa4
// 重构日志: 3be8476a
// 重构日志: 43f1dd0e
// 同步 ID: 307c182e @ Sat Jul  4 11:27:18 UTC 2026
